2026-02-08 16:16:56,706 - uartium.gui - INFO - Settings loaded from uartium_settings.json
2026-02-08 16:16:56,715 - uartium.gui - INFO - Uartium initialized with baudrate=115200
2026-02-08 16:16:56,719 - uartium.gui - INFO - UI build completed successfully
2026-02-08 16:16:56,979 - uartium.gui - INFO - Uartium application started successfully
2026-02-08 16:17:01,431 - uartium.gui - INFO - Serial monitoring started on COM3 @ 115200 baud
2026-02-08 16:18:11,317 - uartium.gui - INFO - Serial monitoring stopped
2026-02-08 16:18:33,985 - uartium.gui - INFO - Settings saved to uartium_settings.json
2026-02-08 16:18:33,987 - uartium.gui - INFO - Theme changed to: light
2026-02-08 17:24:49,342 - uartium.gui - INFO - Settings saved to uartium_settings.json
2026-02-08 17:24:49,353 - uartium.gui - INFO - Theme changed to: dark
2026-02-08 17:28:21,482 - uartium.gui - INFO - Settings loaded from uartium_settings.json
2026-02-08 17:28:21,483 - uartium.gui - INFO - Uartium initialized with baudrate=115200
2026-02-08 17:28:21,489 - uartium.gui - INFO - UI build completed successfully
2026-02-08 17:28:21,768 - uartium.gui - INFO - Uartium application started successfully
2026-02-08 17:28:25,734 - uartium.gui - INFO - Serial monitoring started on COM3 @ 115200 baud
2026-02-08 17:35:10,337 - uartium.gui - INFO - Serial monitoring stopped
2026-02-08 17:35:11,811 - uartium.gui - INFO - Serial monitoring started on COM3 @ 115200 baud
2026-02-08 17:35:15,347 - uartium.gui - INFO - Serial monitoring stopped
2026-02-08 17:37:25,156 - uartium.gui - INFO - Settings loaded from uartium_settings.json
2026-02-08 17:37:25,157 - uartium.gui - INFO - Uartium initialized with baudrate=115200
2026-02-08 17:37:25,161 - uartium.gui - INFO - UI build completed successfully
2026-02-08 17:37:25,415 - uartium.gui - INFO - Uartium application started successfully
2026-02-08 17:37:34,210 - uartium.gui - INFO - Serial monitoring started on COM3 @ 115200 baud
2026-02-08 17:37:55,759 - uartium.gui - INFO - Serial monitoring stopped
2026-02-08 19:43:41,071 - uartium.gui - INFO - Settings loaded from uartium_settings.json
2026-02-08 19:43:41,073 - uartium.gui - INFO - Uartium initialized with baudrate=115200
2026-02-08 19:43:41,078 - uartium.gui - INFO - UI build completed successfully
2026-02-08 19:43:41,333 - uartium.gui - INFO - Uartium application started successfully
2026-02-08 19:43:44,859 - uartium.gui - INFO - Serial monitoring started on COM3 @ 115200 baud
2026-02-08 19:58:29,600 - uartium.gui - INFO - Settings loaded from uartium_settings.json
2026-02-08 19:58:29,600 - uartium.gui - INFO - Uartium initialized with baudrate=115200
2026-02-08 19:58:29,604 - uartium.gui - INFO - UI build completed successfully
2026-02-08 19:58:29,847 - uartium.gui - INFO - Uartium application started successfully
2026-02-08 19:58:42,803 - uartium.gui - INFO - Serial monitoring started on COM3 @ 115200 baud
2026-02-08 19:59:40,948 - uartium.gui - INFO - Settings loaded from uartium_settings.json
2026-02-08 19:59:40,949 - uartium.gui - INFO - Uartium initialized with baudrate=115200
2026-02-08 19:59:40,953 - uartium.gui - INFO - UI build completed successfully
2026-02-08 19:59:41,219 - uartium.gui - INFO - Uartium application started successfully
2026-02-08 19:59:48,879 - uartium.gui - INFO - Serial monitoring started on COM3 @ 115200 baud
2026-02-08 20:00:14,087 - uartium.gui - INFO - Settings saved to uartium_settings.json
2026-02-08 20:00:14,685 - uartium.gui - INFO - Settings saved to uartium_settings.json
2026-02-08 20:01:05,077 - uartium.gui - INFO - Serial monitoring stopped
2026-02-08 20:01:35,538 - uartium.gui - INFO - Settings loaded from uartium_settings.json
2026-02-08 20:01:35,539 - uartium.gui - INFO - Uartium initialized with baudrate=115200
2026-02-08 20:01:35,543 - uartium.gui - INFO - UI build completed successfully
2026-02-08 20:01:35,761 - uartium.gui - INFO - Uartium application started successfully
2026-02-08 20:01:47,927 - uartium.gui - INFO - Serial monitoring started on COM3 @ 115200 baud
2026-02-08 20:03:29,048 - uartium.gui - INFO - Settings loaded from uartium_settings.json
2026-02-08 20:03:29,048 - uartium.gui - INFO - Uartium initialized with baudrate=115200
2026-02-08 20:03:29,057 - uartium.gui - INFO - UI build completed successfully
2026-02-08 20:03:29,378 - uartium.gui - INFO - Uartium application started successfully
2026-02-08 20:03:34,291 - uartium.gui - INFO - Serial monitoring started on COM3 @ 115200 baud
2026-02-08 20:05:00,791 - uartium.gui - INFO - Settings loaded from uartium_settings.json
2026-02-08 20:05:00,792 - uartium.gui - INFO - Uartium initialized with baudrate=115200
2026-02-08 20:05:00,796 - uartium.gui - INFO - UI build completed successfully
2026-02-08 20:05:01,023 - uartium.gui - INFO - Uartium application started successfully
2026-02-08 20:06:08,407 - uartium.gui - INFO - Settings loaded from uartium_settings.json
2026-02-08 20:06:08,408 - uartium.gui - INFO - Uartium initialized with baudrate=115200
2026-02-08 20:06:08,412 - uartium.gui - INFO - UI build completed successfully
2026-02-08 20:06:08,678 - uartium.gui - INFO - Uartium application started successfully
2026-02-08 20:06:15,243 - uartium.gui - INFO - Serial monitoring started on COM3 @ 115200 baud
2026-02-08 20:07:05,654 - uartium.gui - INFO - Settings loaded from uartium_settings.json
2026-02-08 20:07:05,655 - uartium.gui - INFO - Uartium initialized with baudrate=115200
2026-02-08 20:07:05,659 - uartium.gui - INFO - UI build completed successfully
2026-02-08 20:07:05,882 - uartium.gui - INFO - Uartium application started successfully
2026-02-08 20:07:10,036 - uartium.gui - INFO - Serial monitoring started on COM3 @ 115200 baud
2026-02-08 20:08:20,514 - uartium.gui - INFO - Settings loaded from uartium_settings.json
2026-02-08 20:08:20,516 - uartium.gui - INFO - Uartium initialized with baudrate=115200
2026-02-08 20:08:20,530 - uartium.gui - INFO - UI build completed successfully
2026-02-08 20:08:20,784 - uartium.gui - INFO - Uartium application started successfully
2026-02-08 20:10:05,452 - uartium.gui - INFO - Settings loaded from uartium_settings.json
2026-02-08 20:10:05,452 - uartium.gui - INFO - Uartium initialized with baudrate=115200
2026-02-08 20:10:05,458 - uartium.gui - INFO - UI build completed successfully
2026-02-08 20:10:05,716 - uartium.gui - INFO - Uartium application started successfully
2026-02-08 20:10:20,047 - uartium.gui - INFO - Serial monitoring started on COM3 @ 115200 baud
2026-02-08 20:10:36,275 - uartium.gui - INFO - Settings saved to uartium_settings.json
2026-02-08 20:10:36,275 - uartium.gui - INFO - Statistics panel toggled: False
2026-02-08 20:10:36,856 - uartium.gui - INFO - Settings saved to uartium_settings.json
2026-02-08 20:10:36,857 - uartium.gui - INFO - Statistics panel toggled: True
2026-02-08 20:10:37,339 - uartium.gui - INFO - Settings saved to uartium_settings.json
2026-02-08 20:10:37,340 - uartium.gui - INFO - Statistics panel toggled: False
2026-02-08 20:10:37,622 - uartium.gui - INFO - Settings saved to uartium_settings.json
2026-02-08 20:10:37,622 - uartium.gui - INFO - Statistics panel toggled: True
2026-02-08 20:10:37,888 - uartium.gui - INFO - Settings saved to uartium_settings.json
2026-02-08 20:10:37,888 - uartium.gui - INFO - Statistics panel toggled: False
2026-02-08 20:10:38,137 - uartium.gui - INFO - Settings saved to uartium_settings.json
2026-02-08 20:10:38,138 - uartium.gui - INFO - Statistics panel toggled: True
2026-02-08 20:10:38,403 - uartium.gui - INFO - Settings saved to uartium_settings.json
2026-02-08 20:10:38,404 - uartium.gui - INFO - Statistics panel toggled: False
2026-02-08 20:10:38,672 - uartium.gui - INFO - Settings saved to uartium_settings.json
2026-02-08 20:10:38,672 - uartium.gui - INFO - Statistics panel toggled: True
2026-02-08 20:10:39,087 - uartium.gui - INFO - Settings saved to uartium_settings.json
2026-02-08 20:10:39,088 - uartium.gui - INFO - Statistics panel toggled: False
2026-02-08 20:10:39,770 - uartium.gui - INFO - Settings saved to uartium_settings.json
2026-02-08 20:10:39,771 - uartium.gui - INFO - Statistics panel toggled: True
2026-02-08 20:10:40,973 - uartium.gui - INFO - Settings saved to uartium_settings.json
2026-02-08 20:10:40,974 - uartium.gui - INFO - Statistics panel toggled: False
2026-02-08 20:10:52,534 - uartium.gui - INFO - Settings saved to uartium_settings.json
2026-02-08 20:10:52,535 - uartium.gui - INFO - Statistics panel toggled: True
2026-02-08 20:10:53,502 - uartium.gui - INFO - Settings saved to uartium_settings.json
2026-02-08 20:10:53,502 - uartium.gui - INFO - Statistics panel toggled: False
2026-02-08 20:10:56,234 - uartium.gui - INFO - Settings saved to uartium_settings.json
2026-02-08 20:10:56,236 - uartium.gui - INFO - Theme changed to: light
2026-02-08 20:10:58,531 - uartium.gui - INFO - Settings saved to uartium_settings.json
2026-02-08 20:10:58,532 - uartium.gui - INFO - Theme changed to: dark
2026-02-08 20:10:59,183 - uartium.gui - INFO - Settings saved to uartium_settings.json
2026-02-08 20:10:59,184 - uartium.gui - INFO - Theme changed to: light
2026-02-08 20:11:00,698 - uartium.gui - INFO - Settings saved to uartium_settings.json
2026-02-08 20:11:00,699 - uartium.gui - INFO - Theme changed to: dark
2026-02-08 20:11:01,597 - uartium.gui - INFO - Settings saved to uartium_settings.json
2026-02-08 20:11:01,598 - uartium.gui - INFO - Theme changed to: light
2026-02-08 20:11:03,194 - uartium.gui - INFO - Settings saved to uartium_settings.json
2026-02-08 20:11:03,195 - uartium.gui - INFO - Theme changed to: dark
2026-02-08 20:11:04,381 - uartium.gui - INFO - Settings saved to uartium_settings.json
2026-02-08 20:11:04,382 - uartium.gui - INFO - Theme changed to: light
2026-02-08 20:11:05,128 - uartium.gui - INFO - Settings saved to uartium_settings.json
2026-02-08 20:11:05,129 - uartium.gui - INFO - Theme changed to: dark
2026-02-08 20:12:05,018 - uartium.gui - INFO - Settings loaded from uartium_settings.json
2026-02-08 20:12:05,020 - uartium.gui - INFO - Uartium initialized with baudrate=115200
2026-02-08 20:12:05,025 - uartium.gui - INFO - UI build completed successfully
2026-02-08 20:12:05,279 - uartium.gui - INFO - Uartium application started successfully
2026-02-08 20:12:36,193 - uartium.gui - INFO - Settings loaded from uartium_settings.json
2026-02-08 20:12:36,193 - uartium.gui - INFO - Uartium initialized with baudrate=115200
2026-02-08 20:12:36,197 - uartium.gui - INFO - UI build completed successfully
2026-02-08 20:12:36,439 - uartium.gui - INFO - Uartium application started successfully
2026-02-08 20:12:46,372 - uartium.gui - INFO - Settings saved to uartium_settings.json
2026-02-08 20:12:46,373 - uartium.gui - INFO - Statistics panel toggled: True
2026-02-08 20:12:47,072 - uartium.gui - INFO - Settings saved to uartium_settings.json
2026-02-08 20:12:47,072 - uartium.gui - INFO - Statistics panel toggled: False
2026-02-08 20:13:07,975 - uartium.gui - INFO - Settings loaded from uartium_settings.json
2026-02-08 20:13:07,976 - uartium.gui - INFO - Uartium initialized with baudrate=115200
2026-02-08 20:13:07,980 - uartium.gui - INFO - UI build completed successfully
2026-02-08 20:13:08,186 - uartium.gui - INFO - Uartium application started successfully
2026-02-08 20:13:33,956 - uartium.gui - INFO - Settings loaded from uartium_settings.json
2026-02-08 20:13:33,957 - uartium.gui - INFO - Uartium initialized with baudrate=115200
2026-02-08 20:13:33,963 - uartium.gui - INFO - UI build completed successfully
2026-02-08 20:13:34,262 - uartium.gui - INFO - Uartium application started successfully
2026-02-08 20:14:12,772 - uartium.gui - INFO - Settings loaded from uartium_settings.json
2026-02-08 20:14:12,773 - uartium.gui - INFO - Uartium initialized with baudrate=115200
2026-02-08 20:14:12,778 - uartium.gui - INFO - UI build completed successfully
2026-02-08 20:14:12,996 - uartium.gui - INFO - Uartium application started successfully
2026-02-08 20:14:35,811 - uartium.gui - INFO - Settings loaded from uartium_settings.json
2026-02-08 20:14:35,812 - uartium.gui - INFO - Uartium initialized with baudrate=115200
2026-02-08 20:14:35,816 - uartium.gui - INFO - UI build completed successfully
2026-02-08 20:14:36,039 - uartium.gui - INFO - Uartium application started successfully
2026-02-08 20:14:47,292 - uartium.gui - INFO - Serial monitoring started on COM3 @ 115200 baud
2026-02-08 20:16:00,297 - uartium.gui - INFO - Settings loaded from uartium_settings.json
2026-02-08 20:16:00,298 - uartium.gui - INFO - Uartium initialized with baudrate=115200
2026-02-08 20:16:00,305 - uartium.gui - INFO - UI build completed successfully
2026-02-08 20:16:00,590 - uartium.gui - INFO - Uartium application started successfully
2026-02-08 20:17:01,486 - uartium.gui - INFO - Settings loaded from uartium_settings.json
2026-02-08 20:17:01,487 - uartium.gui - INFO - Uartium initialized with baudrate=115200
2026-02-08 20:17:01,492 - uartium.gui - INFO - UI build completed successfully
2026-02-08 20:17:01,781 - uartium.gui - INFO - Uartium application started successfully
2026-02-08 20:17:33,624 - uartium.gui - INFO - Settings loaded from uartium_settings.json
2026-02-08 20:17:33,624 - uartium.gui - INFO - Uartium initialized with baudrate=115200
2026-02-08 20:17:33,629 - uartium.gui - INFO - UI build completed successfully
2026-02-08 20:17:33,940 - uartium.gui - INFO - Uartium application started successfully
2026-02-08 20:18:03,320 - uartium.gui - INFO - Settings loaded from uartium_settings.json
2026-02-08 20:18:03,321 - uartium.gui - INFO - Uartium initialized with baudrate=115200
2026-02-08 20:18:03,328 - uartium.gui - INFO - UI build completed successfully
2026-02-08 20:18:03,570 - uartium.gui - INFO - Uartium application started successfully
2026-02-08 20:18:18,531 - uartium.gui - INFO - Settings loaded from uartium_settings.json
2026-02-08 20:18:18,532 - uartium.gui - INFO - Uartium initialized with baudrate=115200
2026-02-08 20:18:18,537 - uartium.gui - INFO - UI build completed successfully
2026-02-08 20:18:18,844 - uartium.gui - INFO - Uartium application started successfully
2026-02-08 20:19:00,224 - uartium.gui - INFO - Settings saved to uartium_settings.json
2026-02-08 20:19:00,225 - uartium.gui - INFO - Statistics panel toggled: True
2026-02-08 20:19:04,938 - uartium.gui - INFO - Settings saved to uartium_settings.json
2026-02-08 20:19:04,939 - uartium.gui - INFO - Statistics panel toggled: False
2026-02-08 20:19:05,623 - uartium.gui - INFO - Settings saved to uartium_settings.json
2026-02-08 20:19:05,624 - uartium.gui - INFO - Statistics panel toggled: True
2026-02-08 20:19:08,135 - uartium.gui - INFO - Settings saved to uartium_settings.json
2026-02-08 20:19:08,136 - uartium.gui - INFO - Statistics panel toggled: False
2026-02-08 20:19:59,508 - uartium.gui - INFO - Settings loaded from uartium_settings.json
2026-02-08 20:19:59,509 - uartium.gui - INFO - Uartium initialized with baudrate=115200
2026-02-08 20:19:59,514 - uartium.gui - INFO - UI build completed successfully
2026-02-08 20:19:59,762 - uartium.gui - INFO - Uartium application started successfully
2026-02-08 20:21:50,886 - uartium.gui - INFO - Settings loaded from uartium_settings.json
2026-02-08 20:21:50,887 - uartium.gui - INFO - Uartium initialized with baudrate=115200
2026-02-08 20:21:50,893 - uartium.gui - INFO - UI build completed successfully
2026-02-08 20:21:51,139 - uartium.gui - INFO - Uartium application started successfully
2026-02-08 20:22:29,602 - uartium.gui - INFO - Settings loaded from uartium_settings.json
2026-02-08 20:22:29,602 - uartium.gui - INFO - Uartium initialized with baudrate=115200
2026-02-08 20:22:29,612 - uartium.gui - INFO - UI build completed successfully
2026-02-08 20:22:29,904 - uartium.gui - INFO - Uartium application started successfully
2026-02-08 20:22:53,831 - uartium.gui - INFO - Settings loaded from uartium_settings.json
2026-02-08 20:22:53,832 - uartium.gui - INFO - Uartium initialized with baudrate=115200
2026-02-08 20:22:53,838 - uartium.gui - INFO - UI build completed successfully
2026-02-08 20:22:54,112 - uartium.gui - INFO - Uartium application started successfully
2026-02-08 20:24:27,882 - uartium.gui - INFO - Settings loaded from uartium_settings.json
2026-02-08 20:24:27,883 - uartium.gui - INFO - Uartium initialized with baudrate=115200
2026-02-08 20:24:27,888 - uartium.gui - INFO - UI build completed successfully
2026-02-08 20:24:28,110 - uartium.gui - INFO - Uartium application started successfully
2026-02-08 20:25:01,981 - uartium.gui - INFO - Settings loaded from uartium_settings.json
2026-02-08 20:25:01,982 - uartium.gui - INFO - Uartium initialized with baudrate=115200
2026-02-08 20:25:01,986 - uartium.gui - INFO - UI build completed successfully
2026-02-08 20:25:02,231 - uartium.gui - INFO - Uartium application started successfully
2026-02-08 20:27:05,716 - uartium.gui - INFO - Serial monitoring started on COM3 @ 115200 baud
2026-02-08 20:31:22,739 - uartium.gui - INFO - Settings loaded from uartium_settings.json
2026-02-08 20:31:22,740 - uartium.gui - INFO - Uartium initialized with baudrate=115200
2026-02-08 20:31:24,756 - uartium.gui - INFO - Settings loaded from uartium_settings.json
2026-02-08 20:31:24,757 - uartium.gui - INFO - Uartium initialized with baudrate=115200
2026-02-08 20:31:45,693 - uartium.gui - INFO - Settings loaded from uartium_settings.json
2026-02-08 20:31:45,695 - uartium.gui - INFO - Uartium initialized with baudrate=115200
2026-02-08 20:31:45,700 - uartium.gui - INFO - UI build completed successfully
2026-02-08 20:31:45,971 - uartium.gui - INFO - Uartium application started successfully
2026-02-08 20:31:54,702 - uartium.gui - INFO - Settings saved to uartium_settings.json
2026-02-08 20:31:54,703 - uartium.gui - INFO - Statistics panel toggled: True
2026-02-08 20:32:01,681 - uartium.gui - INFO - Settings saved to uartium_settings.json
2026-02-08 20:32:01,682 - uartium.gui - INFO - Statistics panel toggled: False
2026-02-08 20:32:05,179 - uartium.gui - INFO - Settings saved to uartium_settings.json
2026-02-08 20:32:05,179 - uartium.gui - INFO - Statistics panel toggled: True
2026-02-08 20:32:05,547 - uartium.gui - INFO - Settings saved to uartium_settings.json
2026-02-08 20:32:05,547 - uartium.gui - INFO - Statistics panel toggled: False
2026-02-08 20:32:10,578 - uartium.gui - INFO - Serial monitoring started on COM3 @ 115200 baud
2026-02-08 20:32:18,459 - uartium.gui - INFO - Serial monitoring stopped
2026-02-08 20:34:51,879 - uartium.gui - INFO - Settings loaded from uartium_settings.json
2026-02-08 20:34:51,879 - uartium.gui - INFO - Uartium initialized with baudrate=115200
2026-02-08 20:34:51,884 - uartium.gui - INFO - UI build completed successfully
2026-02-08 20:34:52,154 - uartium.gui - INFO - Uartium application started successfully
2026-02-08 20:34:53,497 - uartium.gui - INFO - Serial monitoring started on COM3 @ 115200 baud
2026-02-08 20:34:55,270 - uartium.gui - INFO - Serial monitoring stopped
2026-02-08 20:35:24,129 - uartium.gui - INFO - Settings loaded from uartium_settings.json
2026-02-08 20:35:24,130 - uartium.gui - INFO - Uartium initialized with baudrate=115200
2026-02-08 20:35:24,135 - uartium.gui - INFO - UI build completed successfully
2026-02-08 20:35:24,410 - uartium.gui - INFO - Uartium application started successfully
2026-02-08 20:35:26,267 - uartium.gui - INFO - Serial monitoring started on COM3 @ 115200 baud
2026-02-08 20:35:29,784 - uartium.gui - INFO - Serial monitoring stopped
2026-02-08 20:37:05,873 - uartium.gui - INFO - Settings loaded from uartium_settings.json
2026-02-08 20:37:05,874 - uartium.gui - INFO - Uartium initialized with baudrate=115200
2026-02-08 20:37:05,879 - uartium.gui - INFO - UI build completed successfully
2026-02-08 20:37:06,116 - uartium.gui - INFO - Uartium application started successfully
2026-02-08 20:37:08,125 - uartium.gui - INFO - Serial monitoring started on COM3 @ 115200 baud
2026-02-08 20:37:11,933 - uartium.gui - INFO - Serial monitoring stopped
2026-02-08 20:39:37,789 - uartium.gui - INFO - Settings loaded from uartium_settings.json
2026-02-08 20:39:37,789 - uartium.gui - INFO - Uartium initialized with baudrate=115200
2026-02-08 20:39:37,795 - uartium.gui - INFO - UI build completed successfully
2026-02-08 20:39:38,043 - uartium.gui - INFO - Uartium application started successfully
2026-02-08 20:39:39,514 - uartium.gui - INFO - Serial monitoring started on COM3 @ 115200 baud
2026-02-08 20:39:41,212 - uartium.gui - INFO - Serial monitoring stopped
2026-02-08 20:40:19,733 - uartium.gui - INFO - Serial monitoring started on COM3 @ 115200 baud
2026-02-08 20:40:22,928 - uartium.gui - INFO - Serial monitoring stopped
2026-02-08 20:40:51,765 - uartium.gui - INFO - Settings loaded from uartium_settings.json
2026-02-08 20:40:51,765 - uartium.gui - INFO - Uartium initialized with baudrate=115200
2026-02-08 20:40:51,770 - uartium.gui - INFO - UI build completed successfully
2026-02-08 20:40:51,999 - uartium.gui - INFO - Uartium application started successfully
2026-02-08 20:40:53,087 - uartium.gui - INFO - Serial monitoring started on COM3 @ 115200 baud
2026-02-08 20:40:54,512 - uartium.gui - INFO - Serial monitoring stopped
2026-02-08 20:40:58,868 - uartium.gui - INFO - Serial monitoring started on COM3 @ 115200 baud
2026-02-08 20:41:03,466 - uartium.gui - INFO - Serial monitoring stopped
2026-02-08 20:41:10,845 - uartium.gui - INFO - Serial monitoring started on COM3 @ 115200 baud
2026-02-08 20:41:11,670 - uartium.gui - INFO - Serial monitoring stopped
2026-02-08 20:41:20,537 - uartium.gui - INFO - Settings saved to uartium_settings.json
2026-02-08 20:41:20,976 - uartium.gui - INFO - Settings saved to uartium_settings.json
2026-02-08 20:41:30,188 - uartium.gui - INFO - Serial monitoring started on COM3 @ 115200 baud
2026-02-08 20:41:37,396 - uartium.gui - INFO - Serial monitoring stopped
2026-02-08 20:42:23,834 - uartium.gui - INFO - Settings loaded from uartium_settings.json
2026-02-08 20:42:23,834 - uartium.gui - INFO - Uartium initialized with baudrate=115200
2026-02-08 20:42:23,839 - uartium.gui - INFO - UI build completed successfully
2026-02-08 20:42:24,069 - uartium.gui - INFO - Uartium application started successfully
2026-02-08 20:42:25,370 - uartium.gui - INFO - Serial monitoring started on COM3 @ 115200 baud
2026-02-08 20:42:26,851 - uartium.gui - INFO - Serial monitoring stopped
2026-02-08 20:43:21,195 - uartium.gui - INFO - Settings loaded from uartium_settings.json
2026-02-08 20:43:21,196 - uartium.gui - INFO - Uartium initialized with baudrate=115200
2026-02-08 20:43:21,200 - uartium.gui - INFO - UI build completed successfully
2026-02-08 20:43:21,442 - uartium.gui - INFO - Uartium application started successfully
2026-02-08 20:43:22,362 - uartium.gui - INFO - Serial monitoring started on COM3 @ 115200 baud
2026-02-08 20:43:24,394 - uartium.gui - INFO - Serial monitoring stopped
2026-02-08 20:43:27,926 - uartium.gui - INFO - Serial monitoring started on COM3 @ 115200 baud
2026-02-08 20:43:29,162 - uartium.gui - INFO - Serial monitoring stopped
2026-02-08 20:45:14,749 - uartium.gui - INFO - Settings loaded from uartium_settings.json
2026-02-08 20:45:14,750 - uartium.gui - INFO - Uartium initialized with baudrate=115200
2026-02-08 20:45:14,754 - uartium.gui - INFO - UI build completed successfully
2026-02-08 20:45:15,000 - uartium.gui - INFO - Uartium application started successfully
2026-02-08 20:45:16,018 - uartium.gui - INFO - Serial monitoring started on COM3 @ 115200 baud
2026-02-08 20:45:17,931 - uartium.gui - INFO - Serial monitoring stopped
2026-02-08 20:45:26,929 - uartium.gui - INFO - Serial monitoring started on COM3 @ 115200 baud
2026-02-08 20:45:30,763 - uartium.gui - INFO - Serial monitoring stopped
2026-02-08 20:50:33,210 - uartium.gui - INFO - Settings loaded from uartium_settings.json
2026-02-08 20:50:33,211 - uartium.gui - INFO - Uartium initialized with baudrate=115200
2026-02-08 20:50:33,217 - uartium.gui - INFO - UI build completed successfully
2026-02-08 20:50:33,460 - uartium.gui - INFO - Uartium application started successfully
2026-02-08 20:50:35,139 - uartium.gui - INFO - Serial monitoring started on COM3 @ 115200 baud
2026-02-08 20:50:37,234 - uartium.gui - INFO - Serial monitoring stopped
2026-02-08 20:51:03,412 - uartium.gui - INFO - Serial monitoring started on COM3 @ 115200 baud
2026-02-08 20:51:04,706 - uartium.gui - INFO - Serial monitoring stopped
2026-02-08 20:51:15,757 - uartium.gui - INFO - Serial monitoring started on COM3 @ 115200 baud
2026-02-08 20:51:16,564 - uartium.gui - INFO - Serial monitoring stopped
2026-02-08 20:52:58,016 - uartium.gui - INFO - Settings loaded from uartium_settings.json
2026-02-08 20:52:58,017 - uartium.gui - INFO - Uartium initialized with baudrate=115200
2026-02-08 20:52:58,021 - uartium.gui - INFO - UI build completed successfully
2026-02-08 20:52:58,286 - uartium.gui - INFO - Uartium application started successfully
2026-02-08 20:52:59,233 - uartium.gui - INFO - Serial monitoring started on COM3 @ 115200 baud
2026-02-08 20:53:01,042 - uartium.gui - INFO - Serial monitoring stopped
2026-02-08 20:55:55,383 - uartium.gui - INFO - Settings loaded from uartium_settings.json
2026-02-08 20:55:55,383 - uartium.gui - INFO - Uartium initialized with baudrate=115200
2026-02-08 20:55:55,389 - uartium.gui - INFO - UI build completed successfully
2026-02-08 20:55:55,653 - uartium.gui - INFO - Uartium application started successfully
2026-02-08 20:55:58,929 - uartium.gui - INFO - Serial monitoring started on COM3 @ 115200 baud
2026-02-08 20:56:00,265 - uartium.gui - INFO - Serial monitoring stopped
2026-02-08 20:59:58,481 - uartium.gui - INFO - Settings loaded from uartium_settings.json
2026-02-08 20:59:58,482 - uartium.gui - INFO - Uartium initialized with baudrate=115200
2026-02-08 20:59:58,487 - uartium.gui - INFO - UI build completed successfully
2026-02-08 20:59:58,740 - uartium.gui - INFO - Uartium application started successfully
2026-02-08 20:59:59,833 - uartium.gui - INFO - Serial monitoring started on COM3 @ 115200 baud
2026-02-08 21:00:01,305 - uartium.gui - INFO - Serial monitoring stopped
2026-02-08 21:00:27,895 - uartium.gui - INFO - Settings loaded from uartium_settings.json
2026-02-08 21:00:27,897 - uartium.gui - INFO - Uartium initialized with baudrate=115200
2026-02-08 21:00:27,904 - uartium.gui - INFO - UI build completed successfully
2026-02-08 21:00:28,197 - uartium.gui - INFO - Uartium application started successfully
2026-02-08 21:00:29,939 - uartium.gui - INFO - Serial monitoring started on COM3 @ 115200 baud
2026-02-08 21:00:31,651 - uartium.gui - INFO - Serial monitoring stopped
2026-02-08 21:02:52,326 - uartium.gui - INFO - Settings saved to uartium_settings.json
2026-02-08 21:02:52,328 - uartium.gui - INFO - Theme changed to: light
2026-02-08 21:02:56,430 - uartium.gui - INFO - Settings saved to uartium_settings.json
2026-02-08 21:02:56,431 - uartium.gui - INFO - Theme changed to: dark
2026-02-08 21:03:09,441 - uartium.gui - INFO - Serial monitoring started on COM3 @ 115200 baud
2026-02-08 21:03:10,234 - uartium.gui - INFO - Serial monitoring stopped
2026-02-08 21:04:19,756 - uartium.gui - INFO - Settings loaded from uartium_settings.json
2026-02-08 21:04:19,757 - uartium.gui - INFO - Uartium initialized with baudrate=115200
2026-02-08 21:04:19,761 - uartium.gui - INFO - UI build completed successfully
2026-02-08 21:04:19,987 - uartium.gui - INFO - Uartium application started successfully
2026-02-08 21:04:20,814 - uartium.gui - INFO - Serial monitoring started on COM3 @ 115200 baud
2026-02-08 21:04:23,452 - uartium.gui - INFO - Serial monitoring stopped
2026-02-08 21:05:05,843 - uartium.gui - INFO - Settings loaded from uartium_settings.json
2026-02-08 21:05:05,844 - uartium.gui - INFO - Uartium initialized with baudrate=115200
2026-02-08 21:05:05,849 - uartium.gui - INFO - UI build completed successfully
2026-02-08 21:05:06,125 - uartium.gui - INFO - Uartium application started successfully
2026-02-08 21:05:07,627 - uartium.gui - INFO - Serial monitoring started on COM3 @ 115200 baud
2026-02-08 21:05:09,508 - uartium.gui - INFO - Serial monitoring stopped
2026-02-08 21:07:51,766 - uartium.gui - INFO - Settings loaded from uartium_settings.json
2026-02-08 21:07:51,766 - uartium.gui - INFO - Uartium initialized with baudrate=115200
2026-02-08 21:07:51,770 - uartium.gui - INFO - UI build completed successfully
2026-02-08 21:07:51,995 - uartium.gui - INFO - Uartium application started successfully
2026-02-08 21:07:52,898 - uartium.gui - INFO - Serial monitoring started on COM3 @ 115200 baud
2026-02-08 21:08:18,868 - uartium.gui - INFO - Serial monitoring stopped
2026-02-08 21:08:32,063 - uartium.gui - INFO - Serial monitoring started on COM3 @ 115200 baud
2026-02-08 21:08:32,994 - uartium.gui - INFO - Serial monitoring stopped
2026-02-08 21:10:15,106 - uartium.gui - INFO - Settings loaded from uartium_settings.json
2026-02-08 21:10:15,106 - uartium.gui - INFO - Uartium initialized with baudrate=115200
2026-02-08 21:10:15,111 - uartium.gui - INFO - UI build completed successfully
2026-02-08 21:10:15,352 - uartium.gui - INFO - Uartium application started successfully
2026-02-08 21:10:16,807 - uartium.gui - INFO - Serial monitoring started on COM3 @ 115200 baud
2026-02-08 21:10:19,854 - uartium.gui - INFO - Serial monitoring stopped
2026-02-08 21:11:16,753 - uartium.gui - INFO - Settings loaded from uartium_settings.json
2026-02-08 21:11:16,754 - uartium.gui - INFO - Uartium initialized with baudrate=115200
2026-02-08 21:11:16,759 - uartium.gui - INFO - UI build completed successfully
2026-02-08 21:11:17,018 - uartium.gui - INFO - Uartium application started successfully
2026-02-08 21:11:18,032 - uartium.gui - INFO - Serial monitoring started on COM3 @ 115200 baud
2026-02-08 21:11:20,695 - uartium.gui - INFO - Serial monitoring stopped
2026-02-08 21:19:03,479 - uartium.gui - INFO - Serial monitoring started on COM3 @ 115200 baud
2026-02-08 21:19:04,610 - uartium.gui - INFO - Serial monitoring stopped
2026-02-08 21:22:05,262 - uartium.gui - INFO - Settings loaded from uartium_settings.json
2026-02-08 21:22:05,262 - uartium.gui - INFO - Uartium initialized with baudrate=115200
2026-02-08 21:22:05,267 - uartium.gui - INFO - UI build completed successfully
2026-02-08 21:22:05,489 - uartium.gui - INFO - Uartium application started successfully
2026-02-08 21:22:07,007 - uartium.gui - INFO - Serial monitoring started on COM3 @ 115200 baud
2026-02-08 21:22:09,100 - uartium.gui - INFO - Serial monitoring stopped
2026-02-08 21:25:11,425 - uartium.gui - INFO - Settings loaded from uartium_settings.json
2026-02-08 21:25:11,426 - uartium.gui - INFO - Uartium initialized with baudrate=115200
2026-02-08 21:25:11,431 - uartium.gui - INFO - UI build completed successfully
2026-02-08 21:25:11,657 - uartium.gui - INFO - Uartium application started successfully
2026-02-08 21:25:12,700 - uartium.gui - INFO - Serial monitoring started on COM3 @ 115200 baud
2026-02-08 21:25:15,625 - uartium.gui - INFO - Serial monitoring stopped
2026-02-08 21:27:04,676 - uartium.gui - INFO - Settings loaded from uartium_settings.json
2026-02-08 21:27:04,677 - uartium.gui - INFO - Uartium initialized with baudrate=115200
2026-02-08 21:27:04,683 - uartium.gui - INFO - UI build completed successfully
2026-02-08 21:27:04,960 - uartium.gui - INFO - Uartium application started successfully
2026-02-08 21:27:05,920 - uartium.gui - INFO - Serial monitoring started on COM3 @ 115200 baud
2026-02-08 21:27:09,506 - uartium.gui - INFO - Serial monitoring stopped
2026-02-08 21:27:23,679 - uartium.gui - INFO - Serial monitoring started on COM3 @ 115200 baud
2026-02-08 21:27:24,697 - uartium.gui - INFO - Serial monitoring stopped
2026-02-08 21:27:24,815 - uartium.gui - INFO - Serial monitoring started on COM3 @ 115200 baud
2026-02-08 21:27:29,858 - uartium.gui - INFO - Serial monitoring stopped
2026-02-08 21:31:21,817 - uartium.gui - INFO - Settings loaded from uartium_settings.json
2026-02-08 21:31:21,818 - uartium.gui - INFO - Uartium initialized with baudrate=115200
2026-02-08 21:31:24,946 - uartium.gui - INFO - Settings loaded from uartium_settings.json
2026-02-08 21:31:24,947 - uartium.gui - INFO - Uartium initialized with baudrate=115200
2026-02-08 21:31:32,519 - uartium.gui - INFO - Settings loaded from uartium_settings.json
2026-02-08 21:31:32,520 - uartium.gui - INFO - Uartium initialized with baudrate=115200
2026-02-08 21:32:12,084 - uartium.gui - INFO - Settings loaded from uartium_settings.json
2026-02-08 21:32:12,085 - uartium.gui - INFO - Uartium initialized with baudrate=115200
2026-02-08 21:32:12,089 - uartium.gui - INFO - UI build completed successfully
2026-02-08 21:32:12,325 - uartium.gui - INFO - Uartium application started successfully
2026-02-08 21:32:13,951 - uartium.gui - INFO - Serial monitoring started on COM3 @ 115200 baud
2026-02-08 21:32:16,341 - uartium.gui - INFO - Serial monitoring stopped
2026-02-08 21:33:11,560 - uartium.gui - INFO - Serial monitoring started on COM3 @ 115200 baud
2026-02-08 21:33:12,538 - uartium.gui - INFO - Serial monitoring stopped
2026-02-08 21:35:16,950 - uartium.gui - INFO - Settings loaded from uartium_settings.json
2026-02-08 21:35:16,951 - uartium.gui - INFO - Uartium initialized with baudrate=115200
2026-02-08 21:35:16,955 - uartium.gui - INFO - UI build completed successfully
2026-02-08 21:35:17,193 - uartium.gui - INFO - Uartium application started successfully
2026-02-08 21:35:18,978 - uartium.gui - INFO - Serial monitoring started on COM3 @ 115200 baud
2026-02-08 21:35:22,164 - uartium.gui - INFO - Serial monitoring stopped
2026-02-08 21:38:09,536 - uartium.gui - INFO - Settings loaded from uartium_settings.json
2026-02-08 21:38:09,537 - uartium.gui - INFO - Uartium initialized with baudrate=115200
2026-02-08 21:38:09,541 - uartium.gui - INFO - UI build completed successfully
2026-02-08 21:38:09,759 - uartium.gui - INFO - Uartium application started successfully
2026-02-08 21:38:10,893 - uartium.gui - INFO - Serial monitoring started on COM3 @ 115200 baud
2026-02-08 21:38:13,498 - uartium.gui - INFO - Serial monitoring stopped
2026-02-08 21:42:26,951 - uartium.gui - INFO - Settings loaded from uartium_settings.json
2026-02-08 21:42:26,951 - uartium.gui - INFO - Uartium initialized with baudrate=115200
2026-02-08 21:42:26,957 - uartium.gui - INFO - UI build completed successfully
2026-02-08 21:42:27,205 - uartium.gui - INFO - Uartium application started successfully
2026-02-08 21:42:28,892 - uartium.gui - INFO - Serial monitoring started on COM3 @ 115200 baud
2026-02-08 21:42:31,033 - uartium.gui - INFO - Serial monitoring stopped
2026-02-08 21:42:47,150 - uartium.gui - INFO - Serial monitoring started on COM3 @ 115200 baud
2026-02-08 21:42:48,075 - uartium.gui - INFO - Serial monitoring stopped
2026-02-08 21:42:51,480 - uartium.gui - INFO - Serial monitoring started on COM3 @ 115200 baud
2026-02-08 21:42:52,232 - uartium.gui - INFO - Serial monitoring stopped
2026-02-08 21:43:33,232 - uartium.gui - INFO - Serial monitoring started on COM3 @ 115200 baud
2026-02-08 21:43:36,408 - uartium.gui - INFO - Serial monitoring stopped
2026-02-08 21:44:30,696 - uartium.gui - INFO - Settings loaded from uartium_settings.json
2026-02-08 21:44:30,697 - uartium.gui - INFO - Uartium initialized with baudrate=115200
2026-02-08 21:44:30,702 - uartium.gui - INFO - UI build completed successfully
2026-02-08 21:44:30,944 - uartium.gui - INFO - Uartium application started successfully
2026-02-08 21:44:31,861 - uartium.gui - INFO - Serial monitoring started on COM3 @ 115200 baud
2026-02-08 21:44:33,662 - uartium.gui - INFO - Serial monitoring stopped
2026-02-08 21:46:20,087 - uartium.gui - INFO - Settings loaded from uartium_settings.json
2026-02-08 21:46:20,087 - uartium.gui - INFO - Uartium initialized with baudrate=115200
2026-02-08 21:46:20,091 - uartium.gui - INFO - UI build completed successfully
2026-02-08 21:46:20,338 - uartium.gui - INFO - Uartium application started successfully
2026-02-08 21:46:21,083 - uartium.gui - INFO - Serial monitoring started on COM3 @ 115200 baud
2026-02-08 21:46:22,823 - uartium.gui - INFO - Serial monitoring stopped
2026-02-08 21:47:29,527 - uartium.gui - INFO - Settings loaded from uartium_settings.json
2026-02-08 21:47:29,527 - uartium.gui - INFO - Uartium initialized with baudrate=115200
2026-02-08 21:47:29,534 - uartium.gui - INFO - UI build completed successfully
2026-02-08 21:47:29,767 - uartium.gui - INFO - Uartium application started successfully
2026-02-08 21:47:30,505 - uartium.gui - INFO - Serial monitoring started on COM3 @ 115200 baud
2026-02-08 21:47:31,833 - uartium.gui - INFO - Serial monitoring stopped
2026-02-08 21:47:46,852 - uartium.gui - INFO - Settings loaded from uartium_settings.json
2026-02-08 21:47:46,853 - uartium.gui - INFO - Uartium initialized with baudrate=115200
2026-02-08 21:47:46,857 - uartium.gui - INFO - UI build completed successfully
2026-02-08 21:47:47,081 - uartium.gui - INFO - Uartium application started successfully
2026-02-08 21:47:48,045 - uartium.gui - INFO - Serial monitoring started on COM3 @ 115200 baud
2026-02-08 21:47:49,684 - uartium.gui - INFO - Serial monitoring stopped
2026-02-08 21:48:37,821 - uartium.gui - INFO - Settings loaded from uartium_settings.json
2026-02-08 21:48:37,822 - uartium.gui - INFO - Uartium initialized with baudrate=115200
2026-02-08 21:48:37,827 - uartium.gui - INFO - UI build completed successfully
2026-02-08 21:48:38,077 - uartium.gui - INFO - Uartium application started successfully
2026-02-08 21:48:39,175 - uartium.gui - INFO - Serial monitoring started on COM3 @ 115200 baud
2026-02-08 21:48:40,796 - uartium.gui - INFO - Serial monitoring stopped
2026-02-08 21:50:41,227 - uartium.gui - INFO - Serial monitoring started on COM3 @ 115200 baud
2026-02-08 21:50:42,254 - uartium.gui - INFO - Serial monitoring stopped
2026-02-08 21:50:52,223 - uartium.gui - INFO - Serial monitoring started on COM3 @ 115200 baud
2026-02-08 21:50:52,727 - uartium.gui - INFO - Serial monitoring stopped
2026-02-08 21:52:11,993 - uartium.gui - INFO - Settings loaded from uartium_settings.json
2026-02-08 21:52:11,994 - uartium.gui - INFO - Uartium initialized with baudrate=115200
2026-02-08 21:52:11,999 - uartium.gui - INFO - UI build completed successfully
2026-02-08 21:52:12,290 - uartium.gui - INFO - Uartium application started successfully
2026-02-08 21:52:13,360 - uartium.gui - INFO - Serial monitoring started on COM3 @ 115200 baud
2026-02-08 21:52:15,456 - uartium.gui - INFO - Serial monitoring stopped
2026-02-08 21:53:41,827 - uartium.gui - INFO - Settings loaded from uartium_settings.json
2026-02-08 21:53:41,828 - uartium.gui - INFO - Uartium initialized with baudrate=115200
2026-02-08 21:53:41,835 - uartium.gui - INFO - UI build completed successfully
2026-02-08 21:53:42,072 - uartium.gui - INFO - Uartium application started successfully
2026-02-08 21:53:43,008 - uartium.gui - INFO - Serial monitoring started on COM3 @ 115200 baud
2026-02-08 21:53:44,260 - uartium.gui - INFO - Serial monitoring stopped
2026-02-08 21:56:25,949 - uartium.gui - INFO - Settings loaded from uartium_settings.json
2026-02-08 21:56:25,950 - uartium.gui - INFO - Uartium initialized with baudrate=115200
2026-02-08 21:56:25,958 - uartium.gui - INFO - UI build completed successfully
2026-02-08 21:56:26,269 - uartium.gui - INFO - Uartium application started successfully
2026-02-08 21:56:27,127 - uartium.gui - INFO - Serial monitoring started on COM3 @ 115200 baud
2026-02-08 21:56:29,188 - uartium.gui - INFO - Serial monitoring stopped
2026-02-08 21:57:14,503 - uartium.gui - INFO - Serial monitoring started on COM3 @ 115200 baud
2026-02-09 18:56:43,105 - uartium.gui - INFO - Settings loaded from uartium_settings.json
2026-02-09 18:56:43,106 - uartium.gui - INFO - Uartium initialized with baudrate=115200
2026-02-09 18:56:43,112 - uartium.gui - INFO - UI build completed successfully
2026-02-09 18:56:43,373 - uartium.gui - INFO - Uartium application started successfully
2026-02-09 18:56:44,346 - uartium.gui - INFO - Serial monitoring started on COM3 @ 115200 baud
2026-02-09 18:56:47,903 - uartium.gui - INFO - Serial monitoring stopped
2026-02-09 18:59:00,711 - uartium.gui - INFO - Settings loaded from uartium_settings.json
2026-02-09 18:59:00,711 - uartium.gui - INFO - Uartium initialized with baudrate=115200
2026-02-09 18:59:00,718 - uartium.gui - INFO - UI build completed successfully
2026-02-09 18:59:00,981 - uartium.gui - INFO - Uartium application started successfully
2026-02-09 18:59:01,822 - uartium.gui - INFO - Serial monitoring started: Active - Demo Mode
2026-02-09 18:59:03,501 - uartium.gui - INFO - Serial monitoring stopped
2026-02-09 18:59:19,685 - uartium.gui - INFO - Switched to Demo mode
2026-02-09 18:59:19,686 - uartium.gui - WARNING - [INFO] Switched to Demo mode
2026-02-09 18:59:21,318 - uartium.gui - INFO - Switched to Real Serial mode: COM3 @ 115200
2026-02-09 18:59:21,319 - uartium.gui - WARNING - [INFO] Switched to Real Serial: COM3 @ 115200
2026-02-09 18:59:23,935 - uartium.gui - ERROR - Failed to start monitoring: could not open port 'COM3': FileNotFoundError(2, 'The system cannot find the file specified.', None, 2)
2026-02-09 18:59:23,936 - uartium.gui - WARNING - [ERROR] Start failed: could not open port 'COM3': FileNotFoundError(2, 'The system cannot find the file specified.', None, 2)
2026-02-09 18:59:27,299 - uartium.gui - ERROR - Failed to start monitoring: could not open port 'COM3': FileNotFoundError(2, 'The system cannot find the file specified.', None, 2)
2026-02-09 18:59:27,300 - uartium.gui - WARNING - [ERROR] Start failed: could not open port 'COM3': FileNotFoundError(2, 'The system cannot find the file specified.', None, 2)
2026-02-09 18:59:29,481 - uartium.gui - INFO - Switched to Demo mode
2026-02-09 18:59:29,482 - uartium.gui - WARNING - [INFO] Switched to Demo mode
2026-02-09 18:59:30,263 - uartium.gui - INFO - Serial monitoring started: Active - Demo Mode
2026-02-09 18:59:34,806 - uartium.gui - INFO - Settings loaded from uartium_settings.json
2026-02-09 18:59:34,807 - uartium.gui - INFO - Uartium initialized with baudrate=115200
2026-02-09 18:59:34,812 - uartium.gui - INFO - UI build completed successfully
2026-02-09 18:59:35,113 - uartium.gui - INFO - Uartium application started successfully
2026-02-09 18:59:37,811 - uartium.gui - INFO - Switched to Demo mode
2026-02-09 18:59:37,812 - uartium.gui - WARNING - [INFO] Switched to Demo mode
2026-02-09 18:59:38,293 - uartium.gui - INFO - Switched to Real Serial mode: COM3 @ 115200
2026-02-09 18:59:38,294 - uartium.gui - WARNING - [INFO] Switched to Real Serial: COM3 @ 115200
2026-02-09 18:59:39,393 - uartium.gui - ERROR - Failed to start monitoring: could not open port 'COM3': FileNotFoundError(2, 'The system cannot find the file specified.', None, 2)
2026-02-09 18:59:39,394 - uartium.gui - WARNING - [ERROR] Start failed: could not open port 'COM3': FileNotFoundError(2, 'The system cannot find the file specified.', None, 2)
2026-02-09 18:59:43,592 - uartium.gui - ERROR - Failed to start monitoring: could not open port 'COM3': FileNotFoundError(2, 'The system cannot find the file specified.', None, 2)
2026-02-09 18:59:43,593 - uartium.gui - WARNING - [ERROR] Start failed: could not open port 'COM3': FileNotFoundError(2, 'The system cannot find the file specified.', None, 2)
2026-02-09 18:59:43,974 - uartium.gui - ERROR - Failed to start monitoring: could not open port 'COM3': FileNotFoundError(2, 'The system cannot find the file specified.', None, 2)
2026-02-09 18:59:43,974 - uartium.gui - WARNING - [ERROR] Start failed: could not open port 'COM3': FileNotFoundError(2, 'The system cannot find the file specified.', None, 2)
2026-02-09 18:59:44,108 - uartium.gui - ERROR - Failed to start monitoring: could not open port 'COM3': FileNotFoundError(2, 'The system cannot find the file specified.', None, 2)
2026-02-09 18:59:44,109 - uartium.gui - WARNING - [ERROR] Start failed: could not open port 'COM3': FileNotFoundError(2, 'The system cannot find the file specified.', None, 2)
2026-02-09 18:59:44,242 - uartium.gui - ERROR - Failed to start monitoring: could not open port 'COM3': FileNotFoundError(2, 'The system cannot find the file specified.', None, 2)
2026-02-09 18:59:44,243 - uartium.gui - WARNING - [ERROR] Start failed: could not open port 'COM3': FileNotFoundError(2, 'The system cannot find the file specified.', None, 2)
2026-02-09 18:59:44,392 - uartium.gui - ERROR - Failed to start monitoring: could not open port 'COM3': FileNotFoundError(2, 'The system cannot find the file specified.', None, 2)
2026-02-09 18:59:44,393 - uartium.gui - WARNING - [ERROR] Start failed: could not open port 'COM3': FileNotFoundError(2, 'The system cannot find the file specified.', None, 2)
2026-02-09 18:59:44,524 - uartium.gui - ERROR - Failed to start monitoring: could not open port 'COM3': FileNotFoundError(2, 'The system cannot find the file specified.', None, 2)
2026-02-09 18:59:44,525 - uartium.gui - WARNING - [ERROR] Start failed: could not open port 'COM3': FileNotFoundError(2, 'The system cannot find the file specified.', None, 2)
2026-02-09 18:59:44,656 - uartium.gui - ERROR - Failed to start monitoring: could not open port 'COM3': FileNotFoundError(2, 'The system cannot find the file specified.', None, 2)
2026-02-09 18:59:44,657 - uartium.gui - WARNING - [ERROR] Start failed: could not open port 'COM3': FileNotFoundError(2, 'The system cannot find the file specified.', None, 2)
2026-02-09 18:59:44,774 - uartium.gui - ERROR - Failed to start monitoring: could not open port 'COM3': FileNotFoundError(2, 'The system cannot find the file specified.', None, 2)
2026-02-09 18:59:44,775 - uartium.gui - WARNING - [ERROR] Start failed: could not open port 'COM3': FileNotFoundError(2, 'The system cannot find the file specified.', None, 2)
2026-02-09 18:59:44,923 - uartium.gui - ERROR - Failed to start monitoring: could not open port 'COM3': FileNotFoundError(2, 'The system cannot find the file specified.', None, 2)
2026-02-09 18:59:44,924 - uartium.gui - WARNING - [ERROR] Start failed: could not open port 'COM3': FileNotFoundError(2, 'The system cannot find the file specified.', None, 2)
2026-02-09 18:59:50,256 - uartium.gui - ERROR - Failed to start monitoring: could not open port 'COM5': PermissionError(13, 'Access is denied.', None, 5)
2026-02-09 18:59:50,258 - uartium.gui - WARNING - [ERROR] Start failed: could not open port 'COM5': PermissionError(13, 'Access is denied.', None, 5)
2026-02-09 19:00:02,285 - uartium.gui - INFO - Serial monitoring started: Active - COM5 @ 9600 baud
2026-02-09 19:03:23,182 - uartium.gui - INFO - Serial monitoring stopped
2026-02-09 19:05:03,019 - uartium.gui - INFO - Settings loaded from uartium_settings.json
2026-02-09 19:05:03,020 - uartium.gui - INFO - Uartium initialized with baudrate=115200
2026-02-09 19:05:03,025 - uartium.gui - INFO - UI build completed successfully
2026-02-09 19:05:03,247 - uartium.gui - INFO - Uartium application started successfully
2026-02-09 19:05:05,147 - uartium.gui - INFO - Switched to Demo mode
2026-02-09 19:05:05,148 - uartium.gui - WARNING - [INFO] Switched to Demo mode
2026-02-09 19:05:05,827 - uartium.gui - INFO - Switched to Real Serial mode: COM3 @ 115200
2026-02-09 19:05:05,828 - uartium.gui - WARNING - [INFO] Switched to Real Serial: COM3 @ 115200
2026-02-09 19:05:18,356 - uartium.gui - INFO - Serial monitoring started: Active - COM5 @ 115200 baud
2026-02-09 19:05:35,833 - uartium.gui - INFO - Serial monitoring stopped
2026-02-09 19:06:23,566 - uartium.gui - INFO - Settings loaded from uartium_settings.json
2026-02-09 19:06:23,567 - uartium.gui - INFO - Uartium initialized with baudrate=115200
2026-02-09 19:06:23,571 - uartium.gui - INFO - UI build completed successfully
2026-02-09 19:06:23,819 - uartium.gui - INFO - Uartium application started successfully
2026-02-09 19:06:26,400 - uartium.gui - INFO - Serial monitoring started: Active - Demo Mode
2026-02-09 19:06:34,684 - uartium.gui - INFO - Serial monitoring stopped
2026-02-09 19:06:35,145 - uartium.gui - INFO - Switched to Demo mode
2026-02-09 19:06:35,145 - uartium.gui - WARNING - [INFO] Switched to Demo mode
2026-02-09 19:06:35,679 - uartium.gui - INFO - Switched to Real Serial mode: COM3 @ 115200
2026-02-09 19:06:35,680 - uartium.gui - WARNING - [INFO] Switched to Real Serial: COM3 @ 115200
2026-02-09 19:06:36,745 - uartium.gui - ERROR - Failed to start monitoring: could not open port 'COM3': FileNotFoundError(2, 'The system cannot find the file specified.', None, 2)
2026-02-09 19:06:36,746 - uartium.gui - WARNING - [ERROR] Start failed: could not open port 'COM3': FileNotFoundError(2, 'The system cannot find the file specified.', None, 2)
2026-02-09 19:06:43,076 - uartium.gui - ERROR - Failed to start monitoring: could not open port 'COM5': PermissionError(13, 'Access is denied.', None, 5)
2026-02-09 19:06:43,077 - uartium.gui - WARNING - [ERROR] Start failed: could not open port 'COM5': PermissionError(13, 'Access is denied.', None, 5)
2026-02-09 19:06:46,923 - uartium.gui - ERROR - Failed to start monitoring: could not open port 'COM5': PermissionError(13, 'Access is denied.', None, 5)
2026-02-09 19:06:46,924 - uartium.gui - WARNING - [ERROR] Start failed: could not open port 'COM5': PermissionError(13, 'Access is denied.', None, 5)
2026-02-09 19:06:57,062 - uartium.gui - INFO - Serial monitoring started: Active - COM5 @ 9600 baud
2026-02-09 19:12:37,112 - uartium.gui - INFO - Serial monitoring stopped
2026-02-09 19:15:56,711 - uartium.gui - INFO - Settings loaded from uartium_settings.json
2026-02-09 19:15:56,712 - uartium.gui - INFO - Uartium initialized with baudrate=115200
2026-02-09 19:15:56,716 - uartium.gui - INFO - UI build completed successfully
2026-02-09 19:15:56,976 - uartium.gui - INFO - Uartium application started successfully
2026-02-09 19:15:58,706 - uartium.gui - INFO - Switched to Demo mode
2026-02-09 19:15:58,707 - uartium.gui - WARNING - [INFO] Switched to Demo mode
2026-02-09 19:15:59,139 - uartium.gui - INFO - Switched to Real Serial mode: COM3 @ 115200
2026-02-09 19:15:59,140 - uartium.gui - WARNING - [INFO] Switched to Real Serial: COM3 @ 115200
2026-02-09 19:16:05,820 - uartium.gui - ERROR - Failed to start monitoring: could not open port 'COM5': PermissionError(13, 'Access is denied.', None, 5)
2026-02-09 19:16:05,821 - uartium.gui - WARNING - [ERROR] Start failed: could not open port 'COM5': PermissionError(13, 'Access is denied.', None, 5)
2026-02-09 19:16:14,498 - uartium.gui - INFO - Serial monitoring started: Active - COM5 @ 9600 baud
2026-02-09 19:19:42,684 - uartium.gui - INFO - Settings loaded from uartium_settings.json
2026-02-09 19:19:42,684 - uartium.gui - INFO - Uartium initialized with baudrate=115200
2026-02-09 19:19:42,690 - uartium.gui - INFO - UI build completed successfully
2026-02-09 19:19:42,949 - uartium.gui - INFO - Uartium application started successfully
2026-02-09 19:19:45,565 - uartium.gui - INFO - Switched to Demo mode
2026-02-09 19:19:45,565 - uartium.gui - WARNING - [INFO] Switched to Demo mode
2026-02-09 19:19:46,047 - uartium.gui - INFO - Switched to Real Serial mode: COM3 @ 115200
2026-02-09 19:19:46,047 - uartium.gui - WARNING - [INFO] Switched to Real Serial: COM3 @ 115200
2026-02-09 19:19:53,966 - uartium.gui - INFO - Serial monitoring started: Active - COM5 @ 9600 baud
2026-02-09 19:21:25,309 - uartium.gui - INFO - Settings loaded from uartium_settings.json
2026-02-09 19:21:25,309 - uartium.gui - INFO - Uartium initialized with baudrate=115200
2026-02-09 19:21:25,313 - uartium.gui - INFO - UI build completed successfully
2026-02-09 19:21:25,555 - uartium.gui - INFO - Uartium application started successfully
2026-02-09 19:21:26,638 - uartium.gui - INFO - Serial monitoring started: Active - Demo Mode
2026-02-09 19:21:28,013 - uartium.gui - INFO - Serial monitoring stopped
2026-02-09 19:21:37,675 - uartium.gui - INFO - Serial monitoring started: Active - Demo Mode
2026-02-09 19:21:41,204 - uartium.gui - WARNING - [ERROR] Stop monitoring before changing mode
2026-02-09 19:21:41,701 - uartium.gui - WARNING - [ERROR] Stop monitoring before changing mode
2026-02-09 19:21:43,260 - uartium.gui - INFO - Serial monitoring stopped
2026-02-09 19:21:43,650 - uartium.gui - INFO - Serial monitoring started: Active - Demo Mode
2026-02-09 19:21:49,224 - uartium.gui - INFO - Serial monitoring stopped
2026-02-09 19:21:50,569 - uartium.gui - INFO - Switched to Demo mode
2026-02-09 19:21:50,569 - uartium.gui - WARNING - [INFO] Switched to Demo mode
2026-02-09 19:21:51,150 - uartium.gui - INFO - Switched to Real Serial mode: COM5 @ 9600
2026-02-09 19:21:51,151 - uartium.gui - WARNING - [INFO] Switched to Real Serial: COM5 @ 9600
2026-02-09 19:21:53,900 - uartium.gui - INFO - Serial monitoring started: Active - COM5 @ 9600 baud
2026-02-09 19:22:15,416 - uartium.gui - INFO - Serial monitoring stopped
2026-02-09 19:26:25,947 - uartium.gui - INFO - Settings loaded from uartium_settings.json
2026-02-09 19:26:25,947 - uartium.gui - INFO - Uartium initialized with baudrate=115200
2026-02-09 19:26:25,953 - uartium.gui - INFO - UI build completed successfully
2026-02-09 19:26:26,180 - uartium.gui - INFO - Uartium application started successfully
2026-02-09 19:26:31,822 - uartium.gui - INFO - Switched to Demo mode
2026-02-09 19:26:31,823 - uartium.gui - WARNING - [INFO] Switched to Demo mode
2026-02-09 19:26:32,221 - uartium.gui - INFO - Switched to Real Serial mode: COM5 @ 9600
2026-02-09 19:26:32,222 - uartium.gui - WARNING - [INFO] Switched to Real Serial: COM5 @ 9600
2026-02-09 19:26:33,002 - uartium.gui - INFO - Serial monitoring started: Active - COM5 @ 9600 baud
2026-02-09 19:26:40,868 - uartium.gui - INFO - Serial monitoring stopped
2026-02-09 19:28:39,338 - uartium.gui - ERROR - Failed to start monitoring: could not open port 'COM5': PermissionError(13, 'Access is denied.', None, 5)
2026-02-09 19:28:39,339 - uartium.gui - WARNING - [ERROR] Start failed: could not open port 'COM5': PermissionError(13, 'Access is denied.', None, 5)
2026-02-09 19:28:42,818 - uartium.gui - ERROR - Failed to start monitoring: could not open port 'COM5': PermissionError(13, 'Access is denied.', None, 5)
2026-02-09 19:28:42,818 - uartium.gui - WARNING - [ERROR] Start failed: could not open port 'COM5': PermissionError(13, 'Access is denied.', None, 5)
2026-02-09 19:28:52,602 - uartium.gui - INFO - Serial monitoring started: Active - COM5 @ 9600 baud
2026-02-09 19:29:18,894 - uartium.gui - INFO - Serial monitoring stopped
2026-02-09 19:34:09,165 - uartium.gui - INFO - Settings loaded from uartium_settings.json
2026-02-09 19:34:09,167 - uartium.gui - INFO - Uartium initialized with baudrate=115200
2026-02-09 19:34:09,173 - uartium.gui - INFO - UI build completed successfully
2026-02-09 19:34:09,415 - uartium.gui - INFO - Uartium application started successfully
2026-02-09 19:34:53,960 - uartium.gui - INFO - Settings loaded from uartium_settings.json
2026-02-09 19:34:53,960 - uartium.gui - INFO - Uartium initialized with baudrate=115200
2026-02-09 19:34:53,964 - uartium.gui - INFO - UI build completed successfully
2026-02-09 19:34:54,177 - uartium.gui - INFO - Uartium application started successfully
2026-02-09 19:34:55,872 - uartium.gui - INFO - Switched to Demo mode
2026-02-09 19:34:55,872 - uartium.gui - WARNING - [INFO] Switched to Demo mode
2026-02-09 19:34:56,288 - uartium.gui - INFO - Switched to Real Serial mode: COM3 @ 115200
2026-02-09 19:34:56,289 - uartium.gui - WARNING - [INFO] Switched to Real Serial: COM3 @ 115200
2026-02-09 19:35:08,787 - uartium.gui - INFO - Settings loaded from uartium_settings.json
2026-02-09 19:35:08,787 - uartium.gui - INFO - Uartium initialized with baudrate=115200
2026-02-09 19:35:08,792 - uartium.gui - INFO - UI build completed successfully
2026-02-09 19:35:09,021 - uartium.gui - INFO - Uartium application started successfully
2026-02-09 19:35:11,566 - uartium.gui - INFO - Switched to Demo mode
2026-02-09 19:35:11,567 - uartium.gui - WARNING - [INFO] Switched to Demo mode
2026-02-09 19:35:12,049 - uartium.gui - INFO - Switched to Real Serial mode: COM3 @ 115200
2026-02-09 19:35:12,050 - uartium.gui - WARNING - [INFO] Switched to Real Serial: COM3 @ 115200
2026-02-09 19:35:16,181 - uartium.gui - INFO - Serial monitoring started: Active - COM5 @ 9600 baud
2026-02-09 19:35:20,802 - uartium.gui - INFO - Serial monitoring stopped
2026-02-09 19:36:33,162 - uartium.gui - INFO - Settings loaded from uartium_settings.json
2026-02-09 19:36:33,162 - uartium.gui - INFO - Uartium initialized with baudrate=115200
2026-02-09 19:36:33,167 - uartium.gui - INFO - UI build completed successfully
2026-02-09 19:36:33,386 - uartium.gui - INFO - Uartium application started successfully
2026-02-09 19:36:34,699 - uartium.gui - INFO - Switched to Demo mode
2026-02-09 19:36:34,700 - uartium.gui - WARNING - [INFO] Switched to Demo mode
2026-02-09 19:36:35,450 - uartium.gui - INFO - Switched to Real Serial mode: COM3 @ 115200
2026-02-09 19:36:35,451 - uartium.gui - WARNING - [INFO] Switched to Real Serial: COM3 @ 115200
2026-02-09 19:36:39,649 - uartium.gui - ERROR - Failed to start monitoring: could not open port 'COM5': PermissionError(13, 'Access is denied.', None, 5)
2026-02-09 19:36:39,650 - uartium.gui - WARNING - [ERROR] Start failed: could not open port 'COM5': PermissionError(13, 'Access is denied.', None, 5)
2026-02-09 19:36:42,696 - uartium.gui - ERROR - Failed to start monitoring: could not open port 'COM5': PermissionError(13, 'Access is denied.', None, 5)
2026-02-09 19:36:42,697 - uartium.gui - WARNING - [ERROR] Start failed: could not open port 'COM5': PermissionError(13, 'Access is denied.', None, 5)
2026-02-09 19:36:43,261 - uartium.gui - ERROR - Failed to start monitoring: could not open port 'COM5': PermissionError(13, 'Access is denied.', None, 5)
2026-02-09 19:36:43,262 - uartium.gui - WARNING - [ERROR] Start failed: could not open port 'COM5': PermissionError(13, 'Access is denied.', None, 5)
2026-02-09 19:36:43,397 - uartium.gui - ERROR - Failed to start monitoring: could not open port 'COM5': PermissionError(13, 'Access is denied.', None, 5)
2026-02-09 19:36:43,398 - uartium.gui - WARNING - [ERROR] Start failed: could not open port 'COM5': PermissionError(13, 'Access is denied.', None, 5)
2026-02-09 19:36:43,532 - uartium.gui - ERROR - Failed to start monitoring: could not open port 'COM5': PermissionError(13, 'Access is denied.', None, 5)
2026-02-09 19:36:43,532 - uartium.gui - WARNING - [ERROR] Start failed: could not open port 'COM5': PermissionError(13, 'Access is denied.', None, 5)
2026-02-09 19:36:48,527 - uartium.gui - INFO - Serial monitoring started: Active - COM5 @ 9600 baud
2026-02-09 19:46:34,580 - uartium.gui - INFO - Settings loaded from uartium_settings.json
2026-02-09 19:46:34,581 - uartium.gui - INFO - Uartium initialized with baudrate=115200
2026-02-09 19:46:34,586 - uartium.gui - INFO - UI build completed successfully
2026-02-09 19:46:34,841 - uartium.gui - INFO - Uartium application started successfully
2026-02-09 19:46:36,818 - uartium.gui - INFO - Switched to Demo mode
2026-02-09 19:46:36,819 - uartium.gui - WARNING - [INFO] Switched to Demo mode
2026-02-09 19:46:37,352 - uartium.gui - INFO - Switched to Real Serial mode: COM3 @ 115200
2026-02-09 19:46:37,353 - uartium.gui - WARNING - [INFO] Switched to Real Serial: COM3 @ 115200
2026-02-09 19:46:41,103 - uartium.gui - INFO - Serial monitoring started: Active - COM5 @ 9600 baud
